0 info it worked if it ends with ok
1 verbose cli [ '/home/sebas/.nvm/versions/node/v6.0.0/bin/node',
1 verbose cli   '/home/sebas/.nvm/versions/node/v6.0.0/bin/npm',
1 verbose cli   'start' ]
2 info using npm@3.8.6
3 info using node@v6.0.0
4 verbose run-script [ 'prestart', 'start', 'poststart' ]
5 info lifecycle ingeweb@0.1.0~prestart: ingeweb@0.1.0
6 silly lifecycle ingeweb@0.1.0~prestart: no script for prestart, continuing
7 info lifecycle ingeweb@0.1.0~start: ingeweb@0.1.0
8 verbose lifecycle ingeweb@0.1.0~start: unsafe-perm in lifecycle true
9 verbose lifecycle ingeweb@0.1.0~start: PATH: /home/sebas/.nvm/versions/node/v6.0.0/lib/node_modules/npm/bin/node-gyp-bin:/home/sebas/Escritorio/Johan/superWeb/node_modules/.bin:/home/sebas/.nvm/versions/node/v6.0.0/bin:/home/sebas/.nvm/versions/node/v6.0.0/bin:/usr/local/sbin:/usr/local/bin:/usr/sbin:/usr/bin:/sbin:/bin:/usr/games:/usr/local/games:/snap/bin
10 verbose lifecycle ingeweb@0.1.0~start: CWD: /home/sebas/Escritorio/Johan/superWeb
11 silly lifecycle ingeweb@0.1.0~start: Args: [ '-c', 'react-scripts start' ]
12 info lifecycle ingeweb@0.1.0~start: Failed to exec start script
13 verbose stack Error: ingeweb@0.1.0 start: `react-scripts start`
13 verbose stack spawn ENOENT
13 verbose stack     at ChildProcess.<anonymous> (/home/sebas/.nvm/versions/node/v6.0.0/lib/node_modules/npm/lib/utils/spawn.js:17:16)
13 verbose stack     at emitTwo (events.js:106:13)
13 verbose stack     at ChildProcess.emit (events.js:191:7)
13 verbose stack     at maybeClose (internal/child_process.js:850:16)
13 verbose stack     at Process.ChildProcess._handle.onexit (internal/child_process.js:215:5)
14 verbose pkgid ingeweb@0.1.0
15 verbose cwd /home/sebas/Escritorio/Johan/superWeb
16 error Linux 4.4.0-98-generic
17 error argv "/home/sebas/.nvm/versions/node/v6.0.0/bin/node" "/home/sebas/.nvm/versions/node/v6.0.0/bin/npm" "start"
18 error node v6.0.0
19 error npm  v3.8.6
20 error file sh
21 error code ELIFECYCLE
22 error errno ENOENT
23 error syscall spawn
24 error ingeweb@0.1.0 start: `react-scripts start`
24 error spawn ENOENT
25 error Failed at the ingeweb@0.1.0 start script 'react-scripts start'.
25 error Make sure you have the latest version of node.js and npm installed.
25 error If you do, this is most likely a problem with the ingeweb package,
25 error not with npm itself.
25 error Tell the author that this fails on your system:
25 error     react-scripts start
25 error You can get information on how to open an issue for this project with:
25 error     npm bugs ingeweb
25 error Or if that isn't available, you can get their info via:
25 error     npm owner ls ingeweb
25 error There is likely additional logging output above.
26 verbose exit [ 1, true ]
